[handleMsg]:  {
  key: {
    remoteJid: '573218753804@s.whatsapp.net',
    fromMe: false,
    id: '07B703363F1E8C3B8AD52E0EA41FBFFF',
    participant: undefined
  },
  messageTimestamp: 1717021671,
  pushName: '~',
  broadcast: false,
  message: Message {
    conversation: 'Hola',
    messageContextInfo: MessageContextInfo {
      deviceListMetadata: [DeviceListMetadata],
      deviceListMetadataVersion: 2
    }
  },
  body: 'Hola',
  from: '573218753804'
}
[QUEUE_SE_ENVIO]:  {
  ref: 'ans_03f6d145-4e35-42c1-a57d-2555de62e57e',
  keyword: 'key_84414b50-7ed9-4609-be11-757dc45ca502',
  answer: '¡Hola! 👋 Soy *Shot*, el asistente virtual de 78 Grados Deluxe https://78grados.com/',
  options: {
    media: 'https://78grados.com/wp-content/uploads/2024/05/bot78grados.png',
    buttons: [],
    capture: false,
    child: null,
    delay: 0,
    idle: null,
    ref: null,
    nested: [],
    keyword: {},
    callback: false
  },
  refSerialize: '07b7768029ccc83733410b1dab30293d'
}
[QUEUE_SE_ENVIO]:  {
  ref: 'ans_8849a106-762b-4ea3-8252-d809006f673c',
  keyword: 'ans_03f6d145-4e35-42c1-a57d-2555de62e57e',
  answer: 'Estoy aquí para ayudarte con cualquier pregunta que tengas. Si prefieres hablar con un humano, escribe *agente* 🧑‍💼 y te conectaré con alguien de nuestro equipo.\n' +
    '\n' +
    'Por favor selecciona una de las siguientes opciones:\n' +
    '1. Responde *1* 👉 Catálogo de cajas con mini botellas de licor.\n' +
    '2. Responde *2* 👉 Hablar con un agente.\n' +
    '3. Responde *3* 👉 Seguimiento de pedido.\n' +
    '\n' +
    '✅ Si necesitas terminar la conversación escribe la palabra: *cancelar*',
  options: {
    media: null,
    buttons: [],
    capture: false,
    child: null,
    delay: 0,
    idle: null,
    ref: null,
    nested: [
      [Object], [Object],
      [Object], [Object],
      [Object], [Object],
      [Object], [Object],
      [Object], [Object],
      [Object], [Object],
      [Object], [Object]
    ],
    keyword: {},
    callback: false
  },
  refSerialize: '8cbef9eb9cf64474c92004094b501792'
}
[handleMsg]:  {
  key: {
    remoteJid: '573218753804@s.whatsapp.net',
    fromMe: false,
    id: '653ECCD9C0CBCAC4BB6165397F32C8BD',
    participant: undefined
  },
  messageTimestamp: 1717021687,
  pushName: '~',
  broadcast: false,
  message: Message {
    conversation: '3',
    messageContextInfo: MessageContextInfo {
      deviceListMetadata: [DeviceListMetadata],
      deviceListMetadataVersion: 2
    }
  },
  body: '3',
  from: '573218753804'
}
[QUEUE_SE_ENVIO]:  {
  ref: 'ans_9810b1e6-282d-4ce5-be20-7978520ad90b',
  keyword: 'key_284c6c7e-236e-448f-8383-6d20b74c5481',
  answer: 'Estimado cliente, por favor ingresa el número de guía que te brindo nuestro equipo comercial y te brindaremos toda la información de tu pedido:\n' +
    '\n' +
    '✅ Si necesitas terminar la conversación escribe la palabra: *cancelar*',
  options: {
    media: null,
    buttons: [],
    capture: false,
    child: null,
    delay: 0,
    idle: null,
    ref: null,
    nested: [ [Object], [Object], [Object] ],
    keyword: {},
    callback: false
  },
  refSerialize: '0be093af26b188980536ea75f62fdff2'
}
[handleMsg]:  {
  key: {
    remoteJid: '573218753804@s.whatsapp.net',
    fromMe: false,
    id: 'CB76FDDBA3448D6AE8F9DF0692DD3778',
    participant: undefined
  },
  messageTimestamp: 1717021691,
  pushName: '~',
  broadcast: false,
  message: Message {
    conversation: 'Grhrvrh',
    messageContextInfo: MessageContextInfo {
      deviceListMetadata: [DeviceListMetadata],
      deviceListMetadataVersion: 2
    }
  },
  body: 'Grhrvrh',
  from: '573218753804'
}
[handleMsg]:  {
  key: {
    remoteJid: '573218753804@s.whatsapp.net',
    fromMe: false,
    id: 'FC64D74653BF3F85CF0752E7E8FCC5E6',
    participant: undefined
  },
  messageTimestamp: 1717021761,
  pushName: '~',
  broadcast: false,
  message: Message {
    conversation: 'Hhtj',
    messageContextInfo: MessageContextInfo {
      deviceListMetadata: [DeviceListMetadata],
      deviceListMetadataVersion: 2
    }
  },
  body: 'Hhtj',
  from: '573218753804'
}
[QUEUE_SE_ENVIO]:  {
  ref: 'ans_03f6d145-4e35-42c1-a57d-2555de62e57e',
  keyword: 'key_84414b50-7ed9-4609-be11-757dc45ca502',
  answer: '¡Hola! 👋 Soy *Shot*, el asistente virtual de 78 Grados Deluxe https://78grados.com/',
  options: {
    media: 'https://78grados.com/wp-content/uploads/2024/05/bot78grados.png',
    buttons: [],
    capture: false,
    child: null,
    delay: 0,
    idle: null,
    ref: null,
    nested: [],
    keyword: {},
    callback: false
  },
  refSerialize: '07b7768029ccc83733410b1dab30293d'
}
[QUEUE_SE_ENVIO]:  {
  ref: 'ans_8849a106-762b-4ea3-8252-d809006f673c',
  keyword: 'ans_03f6d145-4e35-42c1-a57d-2555de62e57e',
  answer: 'Estoy aquí para ayudarte con cualquier pregunta que tengas. Si prefieres hablar con un humano, escribe *agente* 🧑‍💼 y te conectaré con alguien de nuestro equipo.\n' +
    '\n' +
    'Por favor selecciona una de las siguientes opciones:\n' +
    '1. Responde *1* 👉 Catálogo de cajas con mini botellas de licor.\n' +
    '2. Responde *2* 👉 Hablar con un agente.\n' +
    '3. Responde *3* 👉 Seguimiento de pedido.\n' +
    '\n' +
    '✅ Si necesitas terminar la conversación escribe la palabra: *cancelar*',
  options: {
    media: null,
    buttons: [],
    capture: false,
    child: null,
    delay: 0,
    idle: null,
    ref: null,
    nested: [
      [Object], [Object],
      [Object], [Object],
      [Object], [Object],
      [Object], [Object],
      [Object], [Object],
      [Object], [Object],
      [Object], [Object]
    ],
    keyword: {},
    callback: false
  },
  refSerialize: '8cbef9eb9cf64474c92004094b501792'
}
[handleMsg]:  {
  key: {
    remoteJid: '573218753804@s.whatsapp.net',
    fromMe: false,
    id: '832EA3A8D94557B5A8B8F5587B1BBE1D',
    participant: undefined
  },
  messageTimestamp: 1717021782,
  pushName: '~',
  broadcast: false,
  message: Message {
    conversation: '3',
    messageContextInfo: MessageContextInfo {
      deviceListMetadata: [DeviceListMetadata],
      deviceListMetadataVersion: 2
    }
  },
  body: '3',
  from: '573218753804'
}
[QUEUE_SE_ENVIO]:  {
  ref: 'ans_9810b1e6-282d-4ce5-be20-7978520ad90b',
  keyword: 'key_284c6c7e-236e-448f-8383-6d20b74c5481',
  answer: 'Estimado cliente, por favor ingresa el número de guía que te brindo nuestro equipo comercial y te brindaremos toda la información de tu pedido:\n' +
    '\n' +
    '✅ Si necesitas terminar la conversación escribe la palabra: *cancelar*',
  options: {
    media: null,
    buttons: [],
    capture: false,
    child: null,
    delay: 0,
    idle: null,
    ref: null,
    nested: [ [Object], [Object], [Object] ],
    keyword: {},
    callback: false
  },
  refSerialize: '0be093af26b188980536ea75f62fdff2'
}
[handleMsg]:  {
  key: {
    remoteJid: '573218753804@s.whatsapp.net',
    fromMe: false,
    id: 'CF3DAF58DC9FD369951FF81821F1FABE',
    participant: undefined
  },
  messageTimestamp: 1717021793,
  pushName: '~',
  broadcast: false,
  message: Message {
    conversation: 'cancelar',
    messageContextInfo: MessageContextInfo {
      deviceListMetadata: [DeviceListMetadata],
      deviceListMetadataVersion: 2
    }
  },
  body: 'cancelar',
  from: '573218753804'
}
[QUEUE_SE_ENVIO]:  {
  ref: 'ans_47a7b8ea-0429-4423-a3ff-632367af2165',
  keyword: 'key_82d8d7d5-83d9-4897-912a-c9508e311131',
  answer: '¡Hola! 👋 Soy *Shot*, el asistente virtual de 78 Grados Deluxe https://78grados.com/',
  options: {
    media: 'https://78grados.com/wp-content/uploads/2024/05/bot78grados.png',
    buttons: [],
    capture: false,
    child: null,
    delay: 0,
    idle: null,
    ref: null,
    nested: [],
    keyword: {},
    callback: false
  },
  refSerialize: 'cf494119ee0e1849f2c1a16b3d7a44dd'
}
[QUEUE_SE_ENVIO]:  {
  ref: 'ans_6cb01fd9-7fe3-4114-887e-25c5a1c76260',
  keyword: 'ans_47a7b8ea-0429-4423-a3ff-632367af2165',
  answer: 'Estoy aquí para ayudarte con cualquier pregunta que tengas. Si prefieres hablar con un humano, escribe *agente* 🧑‍💼 y te conectaré con alguien de nuestro equipo.\n' +
    '\n' +
    'Por favor selecciona una de las siguientes opciones:\n' +
    '1. Responde *1* 👉 Catálogo de cajas con mini botellas de licor.\n' +
    '2. Responde *2* 👉 Hablar con un agente.\n' +
    '3. Responde *3* 👉 Seguimiento de pedido.\n' +
    '\n' +
    '✅ Si necesitas terminar la conversación escribe la palabra: *cancelar*',
  options: {
    media: null,
    buttons: [],
    capture: false,
    child: null,
    delay: 0,
    idle: null,
    ref: null,
    nested: [],
    keyword: {},
    callback: false
  },
  refSerialize: 'f1626f5f656c7da0358b1011566a3e46'
}
[handleMsg]:  {
  key: {
    remoteJid: '573218753804@s.whatsapp.net',
    fromMe: false,
    id: '2A664D9F6377AC69082DB93CD0AAF9CE',
    participant: undefined
  },
  messageTimestamp: 1717021813,
  pushName: '~',
  broadcast: false,
  message: Message {
    conversation: '2',
    messageContextInfo: MessageContextInfo {
      deviceListMetadata: [DeviceListMetadata],
      deviceListMetadataVersion: 2
    }
  },
  body: '2',
  from: '573218753804'
}
[QUEUE_SE_ENVIO]:  {
  ref: 'ans_03f6d145-4e35-42c1-a57d-2555de62e57e',
  keyword: 'key_84414b50-7ed9-4609-be11-757dc45ca502',
  answer: '¡Hola! 👋 Soy *Shot*, el asistente virtual de 78 Grados Deluxe https://78grados.com/',
  options: {
    media: 'https://78grados.com/wp-content/uploads/2024/05/bot78grados.png',
    buttons: [],
    capture: false,
    child: null,
    delay: 0,
    idle: null,
    ref: null,
    nested: [],
    keyword: {},
    callback: false
  },
  refSerialize: '07b7768029ccc83733410b1dab30293d'
}
[QUEUE_SE_ENVIO]:  {
  ref: 'ans_8849a106-762b-4ea3-8252-d809006f673c',
  keyword: 'ans_03f6d145-4e35-42c1-a57d-2555de62e57e',
  answer: 'Estoy aquí para ayudarte con cualquier pregunta que tengas. Si prefieres hablar con un humano, escribe *agente* 🧑‍💼 y te conectaré con alguien de nuestro equipo.\n' +
    '\n' +
    'Por favor selecciona una de las siguientes opciones:\n' +
    '1. Responde *1* 👉 Catálogo de cajas con mini botellas de licor.\n' +
    '2. Responde *2* 👉 Hablar con un agente.\n' +
    '3. Responde *3* 👉 Seguimiento de pedido.\n' +
    '\n' +
    '✅ Si necesitas terminar la conversación escribe la palabra: *cancelar*',
  options: {
    media: null,
    buttons: [],
    capture: false,
    child: null,
    delay: 0,
    idle: null,
    ref: null,
    nested: [
      [Object], [Object],
      [Object], [Object],
      [Object], [Object],
      [Object], [Object],
      [Object], [Object],
      [Object], [Object],
      [Object], [Object]
    ],
    keyword: {},
    callback: false
  },
  refSerialize: '8cbef9eb9cf64474c92004094b501792'
}
[handleMsg]:  {
  key: {
    remoteJid: '573218753804@s.whatsapp.net',
    fromMe: false,
    id: 'A6368113D63C8DF4550780525BE64937',
    participant: undefined
  },
  messageTimestamp: 1717021849,
  pushName: '~',
  broadcast: false,
  message: Message {
    conversation: '2',
    messageContextInfo: MessageContextInfo {
      deviceListMetadata: [DeviceListMetadata],
      deviceListMetadataVersion: 2
    }
  },
  body: '2',
  from: '573218753804'
}
[QUEUE_SE_ENVIO]:  {
  ref: 'ans_c78d41e8-3a0c-43f2-a591-248047df9f37',
  keyword: 'key_970ba9b3-4e00-4f2c-a143-60a05f4f8e24',
  answer: 'Indicanos que inquietud tienes lo más detallado posible para que alguno de nuestros agentes comerciales te pueda brindar toda la información. 😊',
  options: {
    media: null,
    buttons: [],
    capture: true,
    child: null,
    delay: 0,
    idle: null,
    ref: null,
    nested: [],
    keyword: {},
    callback: true
  },
  refSerialize: '55caa2f19887345b43db43a4be1d05e9'
}
[handleMsg]:  {
  key: {
    remoteJid: '573218753804@s.whatsapp.net',
    fromMe: false,
    id: '0F578C5A074C586E7B1F61AEF4ADCB4A',
    participant: undefined
  },
  messageTimestamp: 1717021855,
  pushName: '~',
  broadcast: false,
  message: Message {
    conversation: 'Djdksn8292929',
    messageContextInfo: MessageContextInfo {
      deviceListMetadata: [DeviceListMetadata],
      deviceListMetadataVersion: 2
    }
  },
  body: 'Djdksn8292929',
  from: '573218753804'
}
[QUEUE_SE_ENVIO]:  {
  ref: 'ans_559a0a91-f75f-43a6-8313-ac1e6ba208a6',
  keyword: 'ans_c78d41e8-3a0c-43f2-a591-248047df9f37',
  answer: '*Contactando agente...*',
  options: {
    media: null,
    buttons: [],
    capture: false,
    child: null,
    delay: 0,
    idle: null,
    ref: null,
    nested: [],
    keyword: {},
    callback: false
  },
  refSerialize: '19db6222e1ac607dd5626e016c63580b'
}
[handleMsg]:  {
  key: {
    remoteJid: '573218753804@s.whatsapp.net',
    fromMe: false,
    id: '95F1B67FC5143A8660C7F280EA97D1F2',
    participant: undefined
  },
  messageTimestamp: 1717021861,
  pushName: '~',
  broadcast: false,
  message: Message {
    conversation: 'Hola',
    messageContextInfo: MessageContextInfo {
      deviceListMetadata: [DeviceListMetadata],
      deviceListMetadataVersion: 2
    }
  },
  body: 'Hola',
  from: '573218753804'
}
[QUEUE_SE_ENVIO]:  {
  ref: 'ans_03f6d145-4e35-42c1-a57d-2555de62e57e',
  keyword: 'key_84414b50-7ed9-4609-be11-757dc45ca502',
  answer: '¡Hola! 👋 Soy *Shot*, el asistente virtual de 78 Grados Deluxe https://78grados.com/',
  options: {
    media: 'https://78grados.com/wp-content/uploads/2024/05/bot78grados.png',
    buttons: [],
    capture: false,
    child: null,
    delay: 0,
    idle: null,
    ref: null,
    nested: [],
    keyword: {},
    callback: false
  },
  refSerialize: '07b7768029ccc83733410b1dab30293d'
}
[QUEUE_SE_ENVIO]:  {
  ref: 'ans_8849a106-762b-4ea3-8252-d809006f673c',
  keyword: 'ans_03f6d145-4e35-42c1-a57d-2555de62e57e',
  answer: 'Estoy aquí para ayudarte con cualquier pregunta que tengas. Si prefieres hablar con un humano, escribe *agente* 🧑‍💼 y te conectaré con alguien de nuestro equipo.\n' +
    '\n' +
    'Por favor selecciona una de las siguientes opciones:\n' +
    '1. Responde *1* 👉 Catálogo de cajas con mini botellas de licor.\n' +
    '2. Responde *2* 👉 Hablar con un agente.\n' +
    '3. Responde *3* 👉 Seguimiento de pedido.\n' +
    '\n' +
    '✅ Si necesitas terminar la conversación escribe la palabra: *cancelar*',
  options: {
    media: null,
    buttons: [],
    capture: false,
    child: null,
    delay: 0,
    idle: null,
    ref: null,
    nested: [
      [Object], [Object],
      [Object], [Object],
      [Object], [Object],
      [Object], [Object],
      [Object], [Object],
      [Object], [Object],
      [Object], [Object]
    ],
    keyword: {},
    callback: false
  },
  refSerialize: '8cbef9eb9cf64474c92004094b501792'
}
[handleMsg]:  {
  key: {
    remoteJid: '573218753804@s.whatsapp.net',
    fromMe: false,
    id: '3EB0AC22CCA8A37A63F99C',
    participant: undefined
  },
  messageTimestamp: 1717021987,
  pushName: '~',
  broadcast: false,
  message: Message {
    extendedTextMessage: ExtendedTextMessage {
      text: '1',
      contextInfo: [ContextInfo],
      inviteLinkGroupTypeV2: 0
    },
    messageContextInfo: MessageContextInfo {
      deviceListMetadata: [DeviceListMetadata],
      deviceListMetadataVersion: 2
    }
  },
  body: '1',
  from: '573218753804'
}
[QUEUE_SE_ENVIO]:  {
  ref: 'ans_ab999bcb-cb05-4a20-b8f4-363614d2fa79',
  keyword: 'key_e73e77c4-ad0b-4444-8d4d-f08a88a3092e',
  answer: 'Nuestras cajas premium con mini botellas de licor estampillado son un detalle ideal para cumpleaños, aniversarios, bodas, grados, invitaciones, fechas especiales y demás situaciones apremiantes. Cada caja incluye una tarjeta personalizada que diseñamos especialmente para tu ocasión.',
  options: {
    media: null,
    buttons: [],
    capture: false,
    child: null,
    delay: 0,
    idle: null,
    ref: null,
    nested: [],
    keyword: {},
    callback: false
  },
  refSerialize: 'e4bda9d37e527290f35d4f56b0700ddf'
}
[QUEUE_SE_ENVIO]:  {
  ref: 'ans_8c3fef26-a8bc-4fbb-a973-ea25960f0907',
  keyword: 'ans_ab999bcb-cb05-4a20-b8f4-363614d2fa79',
  answer: '*Referencia #1️⃣ Caja de mini botellitas surtidas:*\n' +
    '\n' +
    '(1) Jagermeister (30mL).\n' +
    '(1) Whisky Jack Daniels (50mL).\n' +
    '(1) Whisky Grants Rojo (50mL).\n' +
    '(1) Whisky Chivas Regal 12 o 13 años (50mL).\n' +
    '(1) Absolut Vodka (50mL).\n' +
    '(1) Tarjeta o foto personalizada.\n' +
    '\n' +
    '*Precio💰: $120.000 más el envío.*\n' +
    '\n' +
    '🔒Ver o comprar caja: https://78grados.com/producto/caja-premium-de-mini-botellas-de-licor-ref-1/',
  options: {
    media: 'https://78grados.com/wp-content/uploads/2024/05/Referencia1caja.png',
    buttons: [],
    capture: false,
    child: null,
    delay: 0,
    idle: null,
    ref: null,
    nested: [],
    keyword: {},
    callback: false
  },
  refSerialize: '0f121822b7415be3e9c6e4c71bccf667'
}
[QUEUE_SE_ENVIO]:  {
  ref: 'ans_904a3f30-e1c6-4424-8f9c-e01e1626d8b3',
  keyword: 'ans_8c3fef26-a8bc-4fbb-a973-ea25960f0907',
  answer: '*Referencia #2️⃣ Caja de mini botellas surtidas:*\n' +
    '\n' +
    '((1) Ginebra The London No 1 (50mL).\n' +
    '(1) Ron La Hechicera (50mL).\n' +
    '(1) Absolut Vodka (50mL).\n' +
    '(1) Whisky  Jack Daniels (50mL).\n' +
    '(1) Whisky Chivas Regal 13 años (50mL)\n' +
    '(1) Tarjeta o foto personalizada.\n' +
    '\n' +
    '*Precio💰: $160.000 más el envío.*\n' +
    '\n' +
    '🔒Ver o comprar caja: https://78grados.com/producto/caja-de-mini-botellas-de-licor-mas-foto-o-invitacion/',
  options: {
    media: 'https://78grados.com/wp-content/uploads/2024/05/Referencia2caja.png',
    buttons: [],
    capture: false,
    child: null,
    delay: 0,
    idle: null,
    ref: null,
    nested: [],
    keyword: {},
    callback: false
  },
  refSerialize: 'b272f894bcfe57de5d18a1d0c0670962'
}
